<?xml version="1.0" encoding="UTF-8"?>
<testsuite name="org.example.buisness.impl.StatisticsManagerImplTest" tests="2" skipped="0" failures="0" errors="0" timestamp="2023-06-09T16:58:37" hostname="DESKTOP-MSEMH7G" time="0.031">
  <properties/>
  <testcase name="Should return exercise intensity for a particular interval" classname="org.example.buisness.impl.StatisticsManagerImplTest" time="0.028"/>
  <testcase name="Should return exercise count for a particular interval" classname="org.example.buisness.impl.StatisticsManagerImplTest" time="0.002"/>
  <system-out><![CDATA[]]></system-out>
  <system-err><![CDATA[]]></system-err>
</testsuite>
