<?xml version="1.0" encoding="UTF-8"?>
<testsuite name="org.example.buisness.impl.ExerciseManagerImplTest" tests="4" skipped="0" failures="0" errors="0" timestamp="2023-06-09T16:58:36" hostname="DESKTOP-MSEMH7G" time="0.309">
  <properties/>
  <testcase name="Should throw a NotFoundExerciseException when the exercise is not found" classname="org.example.buisness.impl.ExerciseManagerImplTest" time="0.293"/>
  <testcase name="Should return an Exercise when the exercise is found" classname="org.example.buisness.impl.ExerciseManagerImplTest" time="0.006"/>
  <testcase name="Should return the exercise ID when the exercise creation is successful" classname="org.example.buisness.impl.ExerciseManagerImplTest" time="0.003"/>
  <testcase name="Should throw a CreateExerciseException when the exercise creation failed" classname="org.example.buisness.impl.ExerciseManagerImplTest" time="0.004"/>
  <system-out><![CDATA[]]></system-out>
  <system-err><![CDATA[]]></system-err>
</testsuite>
