<?xml version="1.0" encoding="UTF-8"?>
<testsuite name="org.example.buisness.impl.UserExerciseManagerImplTest" tests="7" skipped="0" failures="0" errors="0" timestamp="2023-06-09T16:58:37" hostname="DESKTOP-MSEMH7G" time="0.177">
  <properties/>
  <testcase name="Should assign exercise to user" classname="org.example.buisness.impl.UserExerciseManagerImplTest" time="0.046"/>
  <testcase name="Should return empty list when no exercises found for a particular date" classname="org.example.buisness.impl.UserExerciseManagerImplTest" time="0.003"/>
  <testcase name="Should throw exception when unassigning non-existent exercise" classname="org.example.buisness.impl.UserExerciseManagerImplTest" time="0.008"/>
  <testcase name="Should throw UserNotFoundException when user does not exist" classname="org.example.buisness.impl.UserExerciseManagerImplTest" time="0.003"/>
  <testcase name="Should return all user exercises" classname="org.example.buisness.impl.UserExerciseManagerImplTest" time="0.103"/>
  <testcase name="Should unassign exercise from user" classname="org.example.buisness.impl.UserExerciseManagerImplTest" time="0.003"/>
  <testcase name="Should return user exercises for a particular date" classname="org.example.buisness.impl.UserExerciseManagerImplTest" time="0.005"/>
  <system-out><![CDATA[]]></system-out>
  <system-err><![CDATA[]]></system-err>
</testsuite>
