<?xml version="1.0" encoding="UTF-8"?>
<testsuite name="org.example.buisness.impl.LoginManagerImplTest" tests="4" skipped="0" failures="0" errors="0" timestamp="2023-06-09T16:58:36" hostname="DESKTOP-MSEMH7G" time="0.118">
  <properties/>
  <testcase name="Should throw a InvalidCredentialsException when user is not found" classname="org.example.buisness.impl.LoginManagerImplTest" time="0.097"/>
  <testcase name="Should return a LoginResponse when login is successful" classname="org.example.buisness.impl.LoginManagerImplTest" time="0.012"/>
  <testcase name="Should throw a InvalidCredentialsException when password does not match" classname="org.example.buisness.impl.LoginManagerImplTest" time="0.003"/>
  <testcase name="Should throw a InvalidLoginRequestException when loginRequest is null" classname="org.example.buisness.impl.LoginManagerImplTest" time="0.002"/>
  <system-out><![CDATA[]]></system-out>
  <system-err><![CDATA[]]></system-err>
</testsuite>
