<?xml version="1.0" encoding="UTF-8"?>
<testsuite name="org.example.buisness.impl.MessageManagerImplTest" tests="6" skipped="0" failures="0" errors="0" timestamp="2023-06-09T16:58:36" hostname="DESKTOP-MSEMH7G" time="0.059">
  <properties/>
  <testcase name="Should return chat history between a user and a trainer" classname="org.example.buisness.impl.MessageManagerImplTest" time="0.038"/>
  <testcase name="Should return trainer of a user" classname="org.example.buisness.impl.MessageManagerImplTest" time="0.006"/>
  <testcase name="Should return clients of a trainer" classname="org.example.buisness.impl.MessageManagerImplTest" time="0.004"/>
  <testcase name="Should save a message and return the saved message" classname="org.example.buisness.impl.MessageManagerImplTest" time="0.002"/>
  <testcase name="Should return all conversations for a trainer" classname="org.example.buisness.impl.MessageManagerImplTest" time="0.003"/>
  <testcase name="Should return conversation between a sender and a receiver" classname="org.example.buisness.impl.MessageManagerImplTest" time="0.003"/>
  <system-out><![CDATA[]]></system-out>
  <system-err><![CDATA[]]></system-err>
</testsuite>
